   0  $accept : program $end

   1  program : statement_list

   2  statement_list : statement
   3                 | statement statement_list

   4  statement : variable_definition_statement
   5            | function_definition_statement
   6            | class_definition_statement
   7            | constant_definition_statement
   8            | variable_declaration_statement

   9  block_statement : LBRACE statement_list_block_level RBRACE

  10  statement_list_block_level : statement_block_level
  11                             | statement_block_level statement_list_block_level

  12  statement_block_level : variable_definition_statement
  13                        | block_statement
  14                        | variable_set_statement
  15                        | function_invocation_statement
  16                        | if_block_statement
  17                        | while_block_statement
  18                        | return_statement
  19                        | method_invocation_statement
  20                        | variable_declaration_statement
  21                        | delete_statement
  22                        | constant_definition_statement

  23  type_declarator : any_type IDENTIFIER

  24  any_type : array_type
  25           | pointer_type
  26           | primitive_type
  27           | user_type
  28           | device_type

  29  array_type : any_type LBRACKET arithmetic_expression RBRACKET

  30  pointer_type : any_type POINTER

  31  user_type : IDENTIFIER

  32  variable_definition_statement : type_declarator EQ expression SEMICOLON

  33  variable_declaration_statement : type_declarator SEMICOLON

  34  delete_statement : DELETE IDENTIFIER SEMICOLON

  35  constant_definition_statement : CONSTANT type_declarator EQ expression SEMICOLON

  36  class_definition_statement : class_declarator class_body

  37  class_declarator : class_name
  38                   | class_name class_extending

  39  class_name : CLASS IDENTIFIER

  40  class_extending : EXTENDS IDENTIFIER

  41  class_body : LBRACE class_attribute_list RBRACE

  42  class_attribute_list : class_attribute
  43                       | class_attribute class_attribute_list

  44  class_attribute : function_definition_statement
  45                  | variable_declaration_statement

  46  function_definition_statement : any_type IDENTIFIER LPAREN formal_parameter_list RPAREN block_statement

  47  variable_set_statement : IDENTIFIER EQ expression SEMICOLON

  48  return_statement : RETURN expression SEMICOLON
  49                   | RETURN SEMICOLON

  50  function_invocation : IDENTIFIER LPAREN parameter_list RPAREN

  51  function_invocation_statement : function_invocation SEMICOLON

  52  method_invocation : class_attribute_identifier LPAREN parameter_list RPAREN

  53  method_invocation_statement : method_invocation SEMICOLON

  54  class_attribute_identifier : IDENTIFIER DOT IDENTIFIER
  55                             | IDENTIFIER DOT class_attribute_identifier

  56  if_block_statement : IF LPAREN expression RPAREN block_statement
  57                     | IF LPAREN expression RPAREN block_statement ELSE block_statement

  58  while_block_statement : WHILE LPAREN expression RPAREN block_statement

  59  formal_parameter_list : type_declarator
  60                        | type_declarator COMMA formal_parameter_list
  61                        |

  62  parameter_list : expression
  63                 | expression COMMA parameter_list
  64                 |

  65  expression : logical_expression
  66             | allocation_expression

  67  allocation_expression : ALLOCATE allocation_invocation

  68  allocation_invocation : primitive_type LPAREN parameter_list RPAREN
  69                        | user_type LPAREN parameter_list RPAREN

  70  logical_expression : logical_and_expression
  71                     | logical_expression OR logical_and_expression

  72  logical_and_expression : equality_expression
  73                         | logical_and_expression AND equality_expression

  74  equality_expression : relational_expression
  75                      | equality_expression DBL_EQ relational_expression
  76                      | equality_expression NOT_EQ relational_expression

  77  relational_expression : bool_expression
  78                        | relational_expression GTR bool_expression
  79                        | relational_expression LESS bool_expression
  80                        | relational_expression GTR_EQ bool_expression
  81                        | relational_expression LESS_EQ bool_expression

  82  bool_expression : arithmetic_expression
  83                  | BANG arithmetic_expression

  84  arithmetic_expression : arithmetic_factor
  85                        | arithmetic_expression PLUS arithmetic_factor
  86                        | arithmetic_expression MINUS arithmetic_factor

  87  arithmetic_factor : arithmetic_unary
  88                    | arithmetic_factor STAR arithmetic_unary
  89                    | arithmetic_factor SLASH arithmetic_unary

  90  arithmetic_unary : unit
  91                   | MINUS arithmetic_unary
  92                   | LPAREN arithmetic_expression RPAREN

  93  unit : IDENTIFIER
  94       | integer_value
  95       | char_value
  96       | bool_value
  97       | function_invocation
  98       | array_accessor_unit
  99       | method_invocation
 100       | dereferenced_pointer
 101       | array_value

 102  array_accessor_unit : IDENTIFIER LBRACKET arithmetic_expression RBRACKET

 103  dereferenced_pointer : DEREF IDENTIFIER

 104  array_value : STRING_LITERAL
 105              | array_initializer

 106  array_initializer : LBRACE parameter_list RBRACE

 107  integer_value : DECIMAL
 108                | OCTAL
 109                | HEX
 110                | BINARY

 111  char_value : CHAR_LITERAL

 112  bool_value : TRUE
 113             | FALSE

 114  primitive_type : BOOL
 115                 | INT
 116                 | CHAR
 117                 | VOID
 118                 | BYTE

 119  device_type : LIGHT_ACTUATOR
 120              | SERVO_ACTUATOR
 121              | SOUND_SENSOR
 122              | LIGHT_SENSOR
 123              | DISTANCE_SENSOR
 124              | TEMPERATURE_SENSOR
 125              | SERIAL_SENSOR
 126              | SERIAL_ACTUATOR

state 0
	$accept : . program $end  (0)

	IDENTIFIER  shift 1
	BOOL  shift 2
	INT  shift 3
	CHAR  shift 4
	VOID  shift 5
	LIGHT_ACTUATOR  shift 6
	SERVO_ACTUATOR  shift 7
	SOUND_SENSOR  shift 8
	LIGHT_SENSOR  shift 9
	DISTANCE_SENSOR  shift 10
	TEMPERATURE_SENSOR  shift 11
	CONSTANT  shift 12
	CLASS  shift 13
	SERIAL_SENSOR  shift 14
	SERIAL_ACTUATOR  shift 15
	BYTE  shift 16
	.  error

	program  goto 17
	statement_list  goto 18
	statement  goto 19
	variable_definition_statement  goto 20
	function_definition_statement  goto 21
	class_definition_statement  goto 22
	constant_definition_statement  goto 23
	variable_declaration_statement  goto 24
	type_declarator  goto 25
	any_type  goto 26
	array_type  goto 27
	pointer_type  goto 28
	primitive_type  goto 29
	user_type  goto 30
	device_type  goto 31
	class_declarator  goto 32
	class_name  goto 33


state 1
	user_type : IDENTIFIER .  (31)

	.  reduce 31


state 2
	primitive_type : BOOL .  (114)

	.  reduce 114


state 3
	primitive_type : INT .  (115)

	.  reduce 115


state 4
	primitive_type : CHAR .  (116)

	.  reduce 116


state 5
	primitive_type : VOID .  (117)

	.  reduce 117


state 6
	device_type : LIGHT_ACTUATOR .  (119)

	.  reduce 119


state 7
	device_type : SERVO_ACTUATOR .  (120)

	.  reduce 120


state 8
	device_type : SOUND_SENSOR .  (121)

	.  reduce 121


state 9
	device_type : LIGHT_SENSOR .  (122)

	.  reduce 122


state 10
	device_type : DISTANCE_SENSOR .  (123)

	.  reduce 123


state 11
	device_type : TEMPERATURE_SENSOR .  (124)

	.  reduce 124


state 12
	constant_definition_statement : CONSTANT . type_declarator EQ expression SEMICOLON  (35)

	IDENTIFIER  shift 1
	BOOL  shift 2
	INT  shift 3
	CHAR  shift 4
	VOID  shift 5
	LIGHT_ACTUATOR  shift 6
	SERVO_ACTUATOR  shift 7
	SOUND_SENSOR  shift 8
	LIGHT_SENSOR  shift 9
	DISTANCE_SENSOR  shift 10
	TEMPERATURE_SENSOR  shift 11
	SERIAL_SENSOR  shift 14
	SERIAL_ACTUATOR  shift 15
	BYTE  shift 16
	.  error

	type_declarator  goto 34
	any_type  goto 35
	array_type  goto 27
	pointer_type  goto 28
	primitive_type  goto 29
	user_type  goto 30
	device_type  goto 31


state 13
	class_name : CLASS . IDENTIFIER  (39)

	IDENTIFIER  shift 36
	.  error


state 14
	device_type : SERIAL_SENSOR .  (125)

	.  reduce 125


state 15
	device_type : SERIAL_ACTUATOR .  (126)

	.  reduce 126


state 16
	primitive_type : BYTE .  (118)

	.  reduce 118


state 17
	$accept : program . $end  (0)

	$end  accept


state 18
	program : statement_list .  (1)

	.  reduce 1


state 19
	statement_list : statement .  (2)
	statement_list : statement . statement_list  (3)

	IDENTIFIER  shift 1
	BOOL  shift 2
	INT  shift 3
	CHAR  shift 4
	VOID  shift 5
	LIGHT_ACTUATOR  shift 6
	SERVO_ACTUATOR  shift 7
	SOUND_SENSOR  shift 8
	LIGHT_SENSOR  shift 9
	DISTANCE_SENSOR  shift 10
	TEMPERATURE_SENSOR  shift 11
	CONSTANT  shift 12
	CLASS  shift 13
	SERIAL_SENSOR  shift 14
	SERIAL_ACTUATOR  shift 15
	BYTE  shift 16
	$end  reduce 2

	statement_list  goto 37
	statement  goto 19
	variable_definition_statement  goto 20
	function_definition_statement  goto 21
	class_definition_statement  goto 22
	constant_definition_statement  goto 23
	variable_declaration_statement  goto 24
	type_declarator  goto 25
	any_type  goto 26
	array_type  goto 27
	pointer_type  goto 28
	primitive_type  goto 29
	user_type  goto 30
	device_type  goto 31
	class_declarator  goto 32
	class_name  goto 33


state 20
	statement : variable_definition_statement .  (4)

	.  reduce 4


state 21
	statement : function_definition_statement .  (5)

	.  reduce 5


state 22
	statement : class_definition_statement .  (6)

	.  reduce 6


state 23
	statement : constant_definition_statement .  (7)

	.  reduce 7


state 24
	statement : variable_declaration_statement .  (8)

	.  reduce 8


state 25
	variable_definition_statement : type_declarator . EQ expression SEMICOLON  (32)
	variable_declaration_statement : type_declarator . SEMICOLON  (33)

	EQ  shift 38
	SEMICOLON  shift 39
	.  error


state 26
	type_declarator : any_type . IDENTIFIER  (23)
	array_type : any_type . LBRACKET arithmetic_expression RBRACKET  (29)
	pointer_type : any_type . POINTER  (30)
	function_definition_statement : any_type . IDENTIFIER LPAREN formal_parameter_list RPAREN block_statement  (46)

	IDENTIFIER  shift 40
	POINTER  shift 41
	LBRACKET  shift 42
	.  error


state 27
	any_type : array_type .  (24)

	.  reduce 24


state 28
	any_type : pointer_type .  (25)

	.  reduce 25


state 29
	any_type : primitive_type .  (26)

	.  reduce 26


state 30
	any_type : user_type .  (27)

	.  reduce 27


state 31
	any_type : device_type .  (28)

	.  reduce 28


state 32
	class_definition_statement : class_declarator . class_body  (36)

	LBRACE  shift 43
	.  error

	class_body  goto 44


state 33
	class_declarator : class_name .  (37)
	class_declarator : class_name . class_extending  (38)

	EXTENDS  shift 45
	LBRACE  reduce 37

	class_extending  goto 46


state 34
	constant_definition_statement : CONSTANT type_declarator . EQ expression SEMICOLON  (35)

	EQ  shift 47
	.  error


state 35
	type_declarator : any_type . IDENTIFIER  (23)
	array_type : any_type . LBRACKET arithmetic_expression RBRACKET  (29)
	pointer_type : any_type . POINTER  (30)

	IDENTIFIER  shift 48
	POINTER  shift 41
	LBRACKET  shift 42
	.  error


state 36
	class_name : CLASS IDENTIFIER .  (39)

	.  reduce 39


state 37
	statement_list : statement statement_list .  (3)

	.  reduce 3


state 38
	variable_definition_statement : type_declarator EQ . expression SEMICOLON  (32)

	IDENTIFIER  shift 49
	MINUS  shift 50
	BANG  shift 51
	LPAREN  shift 52
	LBRACE  shift 53
	DECIMAL  shift 54
	OCTAL  shift 55
	HEX  shift 56
	BINARY  shift 57
	TRUE  shift 58
	FALSE  shift 59
	ALLOCATE  shift 60
	DEREF  shift 61
	STRING_LITERAL  shift 62
	CHAR_LITERAL  shift 63
	.  error

	arithmetic_expression  goto 64
	expression  goto 65
	function_invocation  goto 66
	method_invocation  goto 67
	class_attribute_identifier  goto 68
	logical_expression  goto 69
	allocation_expression  goto 70
	logical_and_expression  goto 71
	equality_expression  goto 72
	relational_expression  goto 73
	bool_expression  goto 74
	arithmetic_factor  goto 75
	arithmetic_unary  goto 76
	unit  goto 77
	integer_value  goto 78
	char_value  goto 79
	bool_value  goto 80
	array_accessor_unit  goto 81
	dereferenced_pointer  goto 82
	array_value  goto 83
	array_initializer  goto 84


state 39
	variable_declaration_statement : type_declarator SEMICOLON .  (33)

	.  reduce 33


state 40
	type_declarator : any_type IDENTIFIER .  (23)
	function_definition_statement : any_type IDENTIFIER . LPAREN formal_parameter_list RPAREN block_statement  (46)

	LPAREN  shift 85
	EQ  reduce 23
	SEMICOLON  reduce 23


state 41
	pointer_type : any_type POINTER .  (30)

	.  reduce 30


state 42
	array_type : any_type LBRACKET . arithmetic_expression RBRACKET  (29)

	IDENTIFIER  shift 49
	MINUS  shift 50
	LPAREN  shift 52
	LBRACE  shift 53
	DECIMAL  shift 54
	OCTAL  shift 55
	HEX  shift 56
	BINARY  shift 57
	TRUE  shift 58
	FALSE  shift 59
	DEREF  shift 61
	STRING_LITERAL  shift 62
	CHAR_LITERAL  shift 63
	.  error

	arithmetic_expression  goto 86
	function_invocation  goto 66
	method_invocation  goto 67
	class_attribute_identifier  goto 68
	arithmetic_factor  goto 75
	arithmetic_unary  goto 76
	unit  goto 77
	integer_value  goto 78
	char_value  goto 79
	bool_value  goto 80
	array_accessor_unit  goto 81
	dereferenced_pointer  goto 82
	array_value  goto 83
	array_initializer  goto 84


state 43
	class_body : LBRACE . class_attribute_list RBRACE  (41)

	IDENTIFIER  shift 1
	BOOL  shift 2
	INT  shift 3
	CHAR  shift 4
	VOID  shift 5
	LIGHT_ACTUATOR  shift 6
	SERVO_ACTUATOR  shift 7
	SOUND_SENSOR  shift 8
	LIGHT_SENSOR  shift 9
	DISTANCE_SENSOR  shift 10
	TEMPERATURE_SENSOR  shift 11
	SERIAL_SENSOR  shift 14
	SERIAL_ACTUATOR  shift 15
	BYTE  shift 16
	.  error

	function_definition_statement  goto 87
	variable_declaration_statement  goto 88
	type_declarator  goto 89
	any_type  goto 26
	array_type  goto 27
	pointer_type  goto 28
	primitive_type  goto 29
	user_type  goto 30
	device_type  goto 31
	class_attribute_list  goto 90
	class_attribute  goto 91


state 44
	class_definition_statement : class_declarator class_body .  (36)

	.  reduce 36


state 45
	class_extending : EXTENDS . IDENTIFIER  (40)

	IDENTIFIER  shift 92
	.  error


state 46
	class_declarator : class_name class_extending .  (38)

	.  reduce 38


state 47
	constant_definition_statement : CONSTANT type_declarator EQ . expression SEMICOLON  (35)

	IDENTIFIER  shift 49
	MINUS  shift 50
	BANG  shift 51
	LPAREN  shift 52
	LBRACE  shift 53
	DECIMAL  shift 54
	OCTAL  shift 55
	HEX  shift 56
	BINARY  shift 57
	TRUE  shift 58
	FALSE  shift 59
	ALLOCATE  shift 60
	DEREF  shift 61
	STRING_LITERAL  shift 62
	CHAR_LITERAL  shift 63
	.  error

	arithmetic_expression  goto 64
	expression  goto 93
	function_invocation  goto 66
	method_invocation  goto 67
	class_attribute_identifier  goto 68
	logical_expression  goto 69
	allocation_expression  goto 70
	logical_and_expression  goto 71
	equality_expression  goto 72
	relational_expression  goto 73
	bool_expression  goto 74
	arithmetic_factor  goto 75
	arithmetic_unary  goto 76
	unit  goto 77
	integer_value  goto 78
	char_value  goto 79
	bool_value  goto 80
	array_accessor_unit  goto 81
	dereferenced_pointer  goto 82
	array_value  goto 83
	array_initializer  goto 84


state 48
	type_declarator : any_type IDENTIFIER .  (23)

	.  reduce 23


state 49
	function_invocation : IDENTIFIER . LPAREN parameter_list RPAREN  (50)
	class_attribute_identifier : IDENTIFIER . DOT IDENTIFIER  (54)
	class_attribute_identifier : IDENTIFIER . DOT class_attribute_identifier  (55)
	unit : IDENTIFIER .  (93)
	array_accessor_unit : IDENTIFIER . LBRACKET arithmetic_expression RBRACKET  (102)

	LPAREN  shift 94
	LBRACKET  shift 95
	DOT  shift 96
	PLUS  reduce 93
	MINUS  reduce 93
	STAR  reduce 93
	SLASH  reduce 93
	RPAREN  reduce 93
	GTR  reduce 93
	LESS  reduce 93
	GTR_EQ  reduce 93
	LESS_EQ  reduce 93
	DBL_EQ  reduce 93
	NOT_EQ  reduce 93
	OR  reduce 93
	AND  reduce 93
	COMMA  reduce 93
	SEMICOLON  reduce 93
	RBRACE  reduce 93
	RBRACKET  reduce 93


state 50
	arithmetic_unary : MINUS . arithmetic_unary  (91)

	IDENTIFIER  shift 49
	MINUS  shift 50
	LPAREN  shift 52
	LBRACE  shift 53
	DECIMAL  shift 54
	OCTAL  shift 55
	HEX  shift 56
	BINARY  shift 57
	TRUE  shift 58
	FALSE  shift 59
	DEREF  shift 61
	STRING_LITERAL  shift 62
	CHAR_LITERAL  shift 63
	.  error

	function_invocation  goto 66
	method_invocation  goto 67
	class_attribute_identifier  goto 68
	arithmetic_unary  goto 97
	unit  goto 77
	integer_value  goto 78
	char_value  goto 79
	bool_value  goto 80
	array_accessor_unit  goto 81
	dereferenced_pointer  goto 82
	array_value  goto 83
	array_initializer  goto 84


state 51
	bool_expression : BANG . arithmetic_expression  (83)

	IDENTIFIER  shift 49
	MINUS  shift 50
	LPAREN  shift 52
	LBRACE  shift 53
	DECIMAL  shift 54
	OCTAL  shift 55
	HEX  shift 56
	BINARY  shift 57
	TRUE  shift 58
	FALSE  shift 59
	DEREF  shift 61
	STRING_LITERAL  shift 62
	CHAR_LITERAL  shift 63
	.  error

	arithmetic_expression  goto 98
	function_invocation  goto 66
	method_invocation  goto 67
	class_attribute_identifier  goto 68
	arithmetic_factor  goto 75
	arithmetic_unary  goto 76
	unit  goto 77
	integer_value  goto 78
	char_value  goto 79
	bool_value  goto 80
	array_accessor_unit  goto 81
	dereferenced_pointer  goto 82
	array_value  goto 83
	array_initializer  goto 84


state 52
	arithmetic_unary : LPAREN . arithmetic_expression RPAREN  (92)

	IDENTIFIER  shift 49
	MINUS  shift 50
	LPAREN  shift 52
	LBRACE  shift 53
	DECIMAL  shift 54
	OCTAL  shift 55
	HEX  shift 56
	BINARY  shift 57
	TRUE  shift 58
	FALSE  shift 59
	DEREF  shift 61
	STRING_LITERAL  shift 62
	CHAR_LITERAL  shift 63
	.  error

	arithmetic_expression  goto 99
	function_invocation  goto 66
	method_invocation  goto 67
	class_attribute_identifier  goto 68
	arithmetic_factor  goto 75
	arithmetic_unary  goto 76
	unit  goto 77
	integer_value  goto 78
	char_value  goto 79
	bool_value  goto 80
	array_accessor_unit  goto 81
	dereferenced_pointer  goto 82
	array_value  goto 83
	array_initializer  goto 84


state 53
	array_initializer : LBRACE . parameter_list RBRACE  (106)
	parameter_list : .  (64)

	IDENTIFIER  shift 49
	MINUS  shift 50
	BANG  shift 51
	LPAREN  shift 52
	LBRACE  shift 53
	DECIMAL  shift 54
	OCTAL  shift 55
	HEX  shift 56
	BINARY  shift 57
	TRUE  shift 58
	FALSE  shift 59
	ALLOCATE  shift 60
	DEREF  shift 61
	STRING_LITERAL  shift 62
	CHAR_LITERAL  shift 63
	RBRACE  reduce 64

	arithmetic_expression  goto 64
	expression  goto 100
	function_invocation  goto 66
	parameter_list  goto 101
	method_invocation  goto 67
	class_attribute_identifier  goto 68
	logical_expression  goto 69
	allocation_expression  goto 70
	logical_and_expression  goto 71
	equality_expression  goto 72
	relational_expression  goto 73
	bool_expression  goto 74
	arithmetic_factor  goto 75
	arithmetic_unary  goto 76
	unit  goto 77
	integer_value  goto 78
	char_value  goto 79
	bool_value  goto 80
	array_accessor_unit  goto 81
	dereferenced_pointer  goto 82
	array_value  goto 83
	array_initializer  goto 84


state 54
	integer_value : DECIMAL .  (107)

	.  reduce 107


state 55
	integer_value : OCTAL .  (108)

	.  reduce 108


state 56
	integer_value : HEX .  (109)

	.  reduce 109


state 57
	integer_value : BINARY .  (110)

	.  reduce 110


state 58
	bool_value : TRUE .  (112)

	.  reduce 112


state 59
	bool_value : FALSE .  (113)

	.  reduce 113


state 60
	allocation_expression : ALLOCATE . allocation_invocation  (67)

	IDENTIFIER  shift 1
	BOOL  shift 2
	INT  shift 3
	CHAR  shift 4
	VOID  shift 5
	BYTE  shift 16
	.  error

	primitive_type  goto 102
	user_type  goto 103
	allocation_invocation  goto 104


state 61
	dereferenced_pointer : DEREF . IDENTIFIER  (103)

	IDENTIFIER  shift 105
	.  error


state 62
	array_value : STRING_LITERAL .  (104)

	.  reduce 104


state 63
	char_value : CHAR_LITERAL .  (111)

	.  reduce 111


state 64
	bool_expression : arithmetic_expression .  (82)
	arithmetic_expression : arithmetic_expression . PLUS arithmetic_factor  (85)
	arithmetic_expression : arithmetic_expression . MINUS arithmetic_factor  (86)

	PLUS  shift 106
	MINUS  shift 107
	RPAREN  reduce 82
	GTR  reduce 82
	LESS  reduce 82
	GTR_EQ  reduce 82
	LESS_EQ  reduce 82
	DBL_EQ  reduce 82
	NOT_EQ  reduce 82
	OR  reduce 82
	AND  reduce 82
	COMMA  reduce 82
	SEMICOLON  reduce 82
	RBRACE  reduce 82


state 65
	variable_definition_statement : type_declarator EQ expression . SEMICOLON  (32)

	SEMICOLON  shift 108
	.  error


state 66
	unit : function_invocation .  (97)

	.  reduce 97


state 67
	unit : method_invocation .  (99)

	.  reduce 99


state 68
	method_invocation : class_attribute_identifier . LPAREN parameter_list RPAREN  (52)

	LPAREN  shift 109
	.  error


state 69
	expression : logical_expression .  (65)
	logical_expression : logical_expression . OR logical_and_expression  (71)

	OR  shift 110
	RPAREN  reduce 65
	COMMA  reduce 65
	SEMICOLON  reduce 65
	RBRACE  reduce 65


state 70
	expression : allocation_expression .  (66)

	.  reduce 66


state 71
	logical_expression : logical_and_expression .  (70)
	logical_and_expression : logical_and_expression . AND equality_expression  (73)

	AND  shift 111
	RPAREN  reduce 70
	OR  reduce 70
	COMMA  reduce 70
	SEMICOLON  reduce 70
	RBRACE  reduce 70


state 72
	logical_and_expression : equality_expression .  (72)
	equality_expression : equality_expression . DBL_EQ relational_expression  (75)
	equality_expression : equality_expression . NOT_EQ relational_expression  (76)

	DBL_EQ  shift 112
	NOT_EQ  shift 113
	RPAREN  reduce 72
	OR  reduce 72
	AND  reduce 72
	COMMA  reduce 72
	SEMICOLON  reduce 72
	RBRACE  reduce 72


state 73
	equality_expression : relational_expression .  (74)
	relational_expression : relational_expression . GTR bool_expression  (78)
	relational_expression : relational_expression . LESS bool_expression  (79)
	relational_expression : relational_expression . GTR_EQ bool_expression  (80)
	relational_expression : relational_expression . LESS_EQ bool_expression  (81)

	GTR  shift 114
	LESS  shift 115
	GTR_EQ  shift 116
	LESS_EQ  shift 117
	RPAREN  reduce 74
	DBL_EQ  reduce 74
	NOT_EQ  reduce 74
	OR  reduce 74
	AND  reduce 74
	COMMA  reduce 74
	SEMICOLON  reduce 74
	RBRACE  reduce 74


state 74
	relational_expression : bool_expression .  (77)

	.  reduce 77


state 75
	arithmetic_expression : arithmetic_factor .  (84)
	arithmetic_factor : arithmetic_factor . STAR arithmetic_unary  (88)
	arithmetic_factor : arithmetic_factor . SLASH arithmetic_unary  (89)

	STAR  shift 118
	SLASH  shift 119
	PLUS  reduce 84
	MINUS  reduce 84
	RPAREN  reduce 84
	GTR  reduce 84
	LESS  reduce 84
	GTR_EQ  reduce 84
	LESS_EQ  reduce 84
	DBL_EQ  reduce 84
	NOT_EQ  reduce 84
	OR  reduce 84
	AND  reduce 84
	COMMA  reduce 84
	SEMICOLON  reduce 84
	RBRACE  reduce 84
	RBRACKET  reduce 84


state 76
	arithmetic_factor : arithmetic_unary .  (87)

	.  reduce 87


state 77
	arithmetic_unary : unit .  (90)

	.  reduce 90


state 78
	unit : integer_value .  (94)

	.  reduce 94


state 79
	unit : char_value .  (95)

	.  reduce 95


state 80
	unit : bool_value .  (96)

	.  reduce 96


state 81
	unit : array_accessor_unit .  (98)

	.  reduce 98


state 82
	unit : dereferenced_pointer .  (100)

	.  reduce 100


state 83
	unit : array_value .  (101)

	.  reduce 101


state 84
	array_value : array_initializer .  (105)

	.  reduce 105


state 85
	function_definition_statement : any_type IDENTIFIER LPAREN . formal_parameter_list RPAREN block_statement  (46)
	formal_parameter_list : .  (61)

	IDENTIFIER  shift 1
	BOOL  shift 2
	INT  shift 3
	CHAR  shift 4
	VOID  shift 5
	LIGHT_ACTUATOR  shift 6
	SERVO_ACTUATOR  shift 7
	SOUND_SENSOR  shift 8
	LIGHT_SENSOR  shift 9
	DISTANCE_SENSOR  shift 10
	TEMPERATURE_SENSOR  shift 11
	SERIAL_SENSOR  shift 14
	SERIAL_ACTUATOR  shift 15
	BYTE  shift 16
	RPAREN  reduce 61

	type_declarator  goto 120
	any_type  goto 35
	array_type  goto 27
	pointer_type  goto 28
	primitive_type  goto 29
	user_type  goto 30
	device_type  goto 31
	formal_parameter_list  goto 121


state 86
	array_type : any_type LBRACKET arithmetic_expression . RBRACKET  (29)
	arithmetic_expression : arithmetic_expression . PLUS arithmetic_factor  (85)
	arithmetic_expression : arithmetic_expression . MINUS arithmetic_factor  (86)

	PLUS  shift 106
	MINUS  shift 107
	RBRACKET  shift 122
	.  error


state 87
	class_attribute : function_definition_statement .  (44)

	.  reduce 44


state 88
	class_attribute : variable_declaration_statement .  (45)

	.  reduce 45


state 89
	variable_declaration_statement : type_declarator . SEMICOLON  (33)

	SEMICOLON  shift 39
	.  error


state 90
	class_body : LBRACE class_attribute_list . RBRACE  (41)

	RBRACE  shift 123
	.  error


state 91
	class_attribute_list : class_attribute .  (42)
	class_attribute_list : class_attribute . class_attribute_list  (43)

	IDENTIFIER  shift 1
	BOOL  shift 2
	INT  shift 3
	CHAR  shift 4
	VOID  shift 5
	LIGHT_ACTUATOR  shift 6
	SERVO_ACTUATOR  shift 7
	SOUND_SENSOR  shift 8
	LIGHT_SENSOR  shift 9
	DISTANCE_SENSOR  shift 10
	TEMPERATURE_SENSOR  shift 11
	SERIAL_SENSOR  shift 14
	SERIAL_ACTUATOR  shift 15
	BYTE  shift 16
	RBRACE  reduce 42

	function_definition_statement  goto 87
	variable_declaration_statement  goto 88
	type_declarator  goto 89
	any_type  goto 26
	array_type  goto 27
	pointer_type  goto 28
	primitive_type  goto 29
	user_type  goto 30
	device_type  goto 31
	class_attribute_list  goto 124
	class_attribute  goto 91


state 92
	class_extending : EXTENDS IDENTIFIER .  (40)

	.  reduce 40


state 93
	constant_definition_statement : CONSTANT type_declarator EQ expression . SEMICOLON  (35)

	SEMICOLON  shift 125
	.  error


state 94
	function_invocation : IDENTIFIER LPAREN . parameter_list RPAREN  (50)
	parameter_list : .  (64)

	IDENTIFIER  shift 49
	MINUS  shift 50
	BANG  shift 51
	LPAREN  shift 52
	LBRACE  shift 53
	DECIMAL  shift 54
	OCTAL  shift 55
	HEX  shift 56
	BINARY  shift 57
	TRUE  shift 58
	FALSE  shift 59
	ALLOCATE  shift 60
	DEREF  shift 61
	STRING_LITERAL  shift 62
	CHAR_LITERAL  shift 63
	RPAREN  reduce 64

	arithmetic_expression  goto 64
	expression  goto 100
	function_invocation  goto 66
	parameter_list  goto 126
	method_invocation  goto 67
	class_attribute_identifier  goto 68
	logical_expression  goto 69
	allocation_expression  goto 70
	logical_and_expression  goto 71
	equality_expression  goto 72
	relational_expression  goto 73
	bool_expression  goto 74
	arithmetic_factor  goto 75
	arithmetic_unary  goto 76
	unit  goto 77
	integer_value  goto 78
	char_value  goto 79
	bool_value  goto 80
	array_accessor_unit  goto 81
	dereferenced_pointer  goto 82
	array_value  goto 83
	array_initializer  goto 84


state 95
	array_accessor_unit : IDENTIFIER LBRACKET . arithmetic_expression RBRACKET  (102)

	IDENTIFIER  shift 49
	MINUS  shift 50
	LPAREN  shift 52
	LBRACE  shift 53
	DECIMAL  shift 54
	OCTAL  shift 55
	HEX  shift 56
	BINARY  shift 57
	TRUE  shift 58
	FALSE  shift 59
	DEREF  shift 61
	STRING_LITERAL  shift 62
	CHAR_LITERAL  shift 63
	.  error

	arithmetic_expression  goto 127
	function_invocation  goto 66
	method_invocation  goto 67
	class_attribute_identifier  goto 68
	arithmetic_factor  goto 75
	arithmetic_unary  goto 76
	unit  goto 77
	integer_value  goto 78
	char_value  goto 79
	bool_value  goto 80
	array_accessor_unit  goto 81
	dereferenced_pointer  goto 82
	array_value  goto 83
	array_initializer  goto 84


state 96
	class_attribute_identifier : IDENTIFIER DOT . IDENTIFIER  (54)
	class_attribute_identifier : IDENTIFIER DOT . class_attribute_identifier  (55)

	IDENTIFIER  shift 128
	.  error

	class_attribute_identifier  goto 129


state 97
	arithmetic_unary : MINUS arithmetic_unary .  (91)

	.  reduce 91


state 98
	bool_expression : BANG arithmetic_expression .  (83)
	arithmetic_expression : arithmetic_expression . PLUS arithmetic_factor  (85)
	arithmetic_expression : arithmetic_expression . MINUS arithmetic_factor  (86)

	PLUS  shift 106
	MINUS  shift 107
	RPAREN  reduce 83
	GTR  reduce 83
	LESS  reduce 83
	GTR_EQ  reduce 83
	LESS_EQ  reduce 83
	DBL_EQ  reduce 83
	NOT_EQ  reduce 83
	OR  reduce 83
	AND  reduce 83
	COMMA  reduce 83
	SEMICOLON  reduce 83
	RBRACE  reduce 83


state 99
	arithmetic_expression : arithmetic_expression . PLUS arithmetic_factor  (85)
	arithmetic_expression : arithmetic_expression . MINUS arithmetic_factor  (86)
	arithmetic_unary : LPAREN arithmetic_expression . RPAREN  (92)

	PLUS  shift 106
	MINUS  shift 107
	RPAREN  shift 130
	.  error


state 100
	parameter_list : expression .  (62)
	parameter_list : expression . COMMA parameter_list  (63)

	COMMA  shift 131
	RPAREN  reduce 62
	RBRACE  reduce 62


state 101
	array_initializer : LBRACE parameter_list . RBRACE  (106)

	RBRACE  shift 132
	.  error


state 102
	allocation_invocation : primitive_type . LPAREN parameter_list RPAREN  (68)

	LPAREN  shift 133
	.  error


state 103
	allocation_invocation : user_type . LPAREN parameter_list RPAREN  (69)

	LPAREN  shift 134
	.  error


state 104
	allocation_expression : ALLOCATE allocation_invocation .  (67)

	.  reduce 67


state 105
	dereferenced_pointer : DEREF IDENTIFIER .  (103)

	.  reduce 103


state 106
	arithmetic_expression : arithmetic_expression PLUS . arithmetic_factor  (85)

	IDENTIFIER  shift 49
	MINUS  shift 50
	LPAREN  shift 52
	LBRACE  shift 53
	DECIMAL  shift 54
	OCTAL  shift 55
	HEX  shift 56
	BINARY  shift 57
	TRUE  shift 58
	FALSE  shift 59
	DEREF  shift 61
	STRING_LITERAL  shift 62
	CHAR_LITERAL  shift 63
	.  error

	function_invocation  goto 66
	method_invocation  goto 67
	class_attribute_identifier  goto 68
	arithmetic_factor  goto 135
	arithmetic_unary  goto 76
	unit  goto 77
	integer_value  goto 78
	char_value  goto 79
	bool_value  goto 80
	array_accessor_unit  goto 81
	dereferenced_pointer  goto 82
	array_value  goto 83
	array_initializer  goto 84


state 107
	arithmetic_expression : arithmetic_expression MINUS . arithmetic_factor  (86)

	IDENTIFIER  shift 49
	MINUS  shift 50
	LPAREN  shift 52
	LBRACE  shift 53
	DECIMAL  shift 54
	OCTAL  shift 55
	HEX  shift 56
	BINARY  shift 57
	TRUE  shift 58
	FALSE  shift 59
	DEREF  shift 61
	STRING_LITERAL  shift 62
	CHAR_LITERAL  shift 63
	.  error

	function_invocation  goto 66
	method_invocation  goto 67
	class_attribute_identifier  goto 68
	arithmetic_factor  goto 136
	arithmetic_unary  goto 76
	unit  goto 77
	integer_value  goto 78
	char_value  goto 79
	bool_value  goto 80
	array_accessor_unit  goto 81
	dereferenced_pointer  goto 82
	array_value  goto 83
	array_initializer  goto 84


state 108
	variable_definition_statement : type_declarator EQ expression SEMICOLON .  (32)

	.  reduce 32


state 109
	method_invocation : class_attribute_identifier LPAREN . parameter_list RPAREN  (52)
	parameter_list : .  (64)

	IDENTIFIER  shift 49
	MINUS  shift 50
	BANG  shift 51
	LPAREN  shift 52
	LBRACE  shift 53
	DECIMAL  shift 54
	OCTAL  shift 55
	HEX  shift 56
	BINARY  shift 57
	TRUE  shift 58
	FALSE  shift 59
	ALLOCATE  shift 60
	DEREF  shift 61
	STRING_LITERAL  shift 62
	CHAR_LITERAL  shift 63
	RPAREN  reduce 64

	arithmetic_expression  goto 64
	expression  goto 100
	function_invocation  goto 66
	parameter_list  goto 137
	method_invocation  goto 67
	class_attribute_identifier  goto 68
	logical_expression  goto 69
	allocation_expression  goto 70
	logical_and_expression  goto 71
	equality_expression  goto 72
	relational_expression  goto 73
	bool_expression  goto 74
	arithmetic_factor  goto 75
	arithmetic_unary  goto 76
	unit  goto 77
	integer_value  goto 78
	char_value  goto 79
	bool_value  goto 80
	array_accessor_unit  goto 81
	dereferenced_pointer  goto 82
	array_value  goto 83
	array_initializer  goto 84


state 110
	logical_expression : logical_expression OR . logical_and_expression  (71)

	IDENTIFIER  shift 49
	MINUS  shift 50
	BANG  shift 51
	LPAREN  shift 52
	LBRACE  shift 53
	DECIMAL  shift 54
	OCTAL  shift 55
	HEX  shift 56
	BINARY  shift 57
	TRUE  shift 58
	FALSE  shift 59
	DEREF  shift 61
	STRING_LITERAL  shift 62
	CHAR_LITERAL  shift 63
	.  error

	arithmetic_expression  goto 64
	function_invocation  goto 66
	method_invocation  goto 67
	class_attribute_identifier  goto 68
	logical_and_expression  goto 138
	equality_expression  goto 72
	relational_expression  goto 73
	bool_expression  goto 74
	arithmetic_factor  goto 75
	arithmetic_unary  goto 76
	unit  goto 77
	integer_value  goto 78
	char_value  goto 79
	bool_value  goto 80
	array_accessor_unit  goto 81
	dereferenced_pointer  goto 82
	array_value  goto 83
	array_initializer  goto 84


state 111
	logical_and_expression : logical_and_expression AND . equality_expression  (73)

	IDENTIFIER  shift 49
	MINUS  shift 50
	BANG  shift 51
	LPAREN  shift 52
	LBRACE  shift 53
	DECIMAL  shift 54
	OCTAL  shift 55
	HEX  shift 56
	BINARY  shift 57
	TRUE  shift 58
	FALSE  shift 59
	DEREF  shift 61
	STRING_LITERAL  shift 62
	CHAR_LITERAL  shift 63
	.  error

	arithmetic_expression  goto 64
	function_invocation  goto 66
	method_invocation  goto 67
	class_attribute_identifier  goto 68
	equality_expression  goto 139
	relational_expression  goto 73
	bool_expression  goto 74
	arithmetic_factor  goto 75
	arithmetic_unary  goto 76
	unit  goto 77
	integer_value  goto 78
	char_value  goto 79
	bool_value  goto 80
	array_accessor_unit  goto 81
	dereferenced_pointer  goto 82
	array_value  goto 83
	array_initializer  goto 84


state 112
	equality_expression : equality_expression DBL_EQ . relational_expression  (75)

	IDENTIFIER  shift 49
	MINUS  shift 50
	BANG  shift 51
	LPAREN  shift 52
	LBRACE  shift 53
	DECIMAL  shift 54
	OCTAL  shift 55
	HEX  shift 56
	BINARY  shift 57
	TRUE  shift 58
	FALSE  shift 59
	DEREF  shift 61
	STRING_LITERAL  shift 62
	CHAR_LITERAL  shift 63
	.  error

	arithmetic_expression  goto 64
	function_invocation  goto 66
	method_invocation  goto 67
	class_attribute_identifier  goto 68
	relational_expression  goto 140
	bool_expression  goto 74
	arithmetic_factor  goto 75
	arithmetic_unary  goto 76
	unit  goto 77
	integer_value  goto 78
	char_value  goto 79
	bool_value  goto 80
	array_accessor_unit  goto 81
	dereferenced_pointer  goto 82
	array_value  goto 83
	array_initializer  goto 84


state 113
	equality_expression : equality_expression NOT_EQ . relational_expression  (76)

	IDENTIFIER  shift 49
	MINUS  shift 50
	BANG  shift 51
	LPAREN  shift 52
	LBRACE  shift 53
	DECIMAL  shift 54
	OCTAL  shift 55
	HEX  shift 56
	BINARY  shift 57
	TRUE  shift 58
	FALSE  shift 59
	DEREF  shift 61
	STRING_LITERAL  shift 62
	CHAR_LITERAL  shift 63
	.  error

	arithmetic_expression  goto 64
	function_invocation  goto 66
	method_invocation  goto 67
	class_attribute_identifier  goto 68
	relational_expression  goto 141
	bool_expression  goto 74
	arithmetic_factor  goto 75
	arithmetic_unary  goto 76
	unit  goto 77
	integer_value  goto 78
	char_value  goto 79
	bool_value  goto 80
	array_accessor_unit  goto 81
	dereferenced_pointer  goto 82
	array_value  goto 83
	array_initializer  goto 84


state 114
	relational_expression : relational_expression GTR . bool_expression  (78)

	IDENTIFIER  shift 49
	MINUS  shift 50
	BANG  shift 51
	LPAREN  shift 52
	LBRACE  shift 53
	DECIMAL  shift 54
	OCTAL  shift 55
	HEX  shift 56
	BINARY  shift 57
	TRUE  shift 58
	FALSE  shift 59
	DEREF  shift 61
	STRING_LITERAL  shift 62
	CHAR_LITERAL  shift 63
	.  error

	arithmetic_expression  goto 64
	function_invocation  goto 66
	method_invocation  goto 67
	class_attribute_identifier  goto 68
	bool_expression  goto 142
	arithmetic_factor  goto 75
	arithmetic_unary  goto 76
	unit  goto 77
	integer_value  goto 78
	char_value  goto 79
	bool_value  goto 80
	array_accessor_unit  goto 81
	dereferenced_pointer  goto 82
	array_value  goto 83
	array_initializer  goto 84


state 115
	relational_expression : relational_expression LESS . bool_expression  (79)

	IDENTIFIER  shift 49
	MINUS  shift 50
	BANG  shift 51
	LPAREN  shift 52
	LBRACE  shift 53
	DECIMAL  shift 54
	OCTAL  shift 55
	HEX  shift 56
	BINARY  shift 57
	TRUE  shift 58
	FALSE  shift 59
	DEREF  shift 61
	STRING_LITERAL  shift 62
	CHAR_LITERAL  shift 63
	.  error

	arithmetic_expression  goto 64
	function_invocation  goto 66
	method_invocation  goto 67
	class_attribute_identifier  goto 68
	bool_expression  goto 143
	arithmetic_factor  goto 75
	arithmetic_unary  goto 76
	unit  goto 77
	integer_value  goto 78
	char_value  goto 79
	bool_value  goto 80
	array_accessor_unit  goto 81
	dereferenced_pointer  goto 82
	array_value  goto 83
	array_initializer  goto 84


state 116
	relational_expression : relational_expression GTR_EQ . bool_expression  (80)

	IDENTIFIER  shift 49
	MINUS  shift 50
	BANG  shift 51
	LPAREN  shift 52
	LBRACE  shift 53
	DECIMAL  shift 54
	OCTAL  shift 55
	HEX  shift 56
	BINARY  shift 57
	TRUE  shift 58
	FALSE  shift 59
	DEREF  shift 61
	STRING_LITERAL  shift 62
	CHAR_LITERAL  shift 63
	.  error

	arithmetic_expression  goto 64
	function_invocation  goto 66
	method_invocation  goto 67
	class_attribute_identifier  goto 68
	bool_expression  goto 144
	arithmetic_factor  goto 75
	arithmetic_unary  goto 76
	unit  goto 77
	integer_value  goto 78
	char_value  goto 79
	bool_value  goto 80
	array_accessor_unit  goto 81
	dereferenced_pointer  goto 82
	array_value  goto 83
	array_initializer  goto 84


state 117
	relational_expression : relational_expression LESS_EQ . bool_expression  (81)

	IDENTIFIER  shift 49
	MINUS  shift 50
	BANG  shift 51
	LPAREN  shift 52
	LBRACE  shift 53
	DECIMAL  shift 54
	OCTAL  shift 55
	HEX  shift 56
	BINARY  shift 57
	TRUE  shift 58
	FALSE  shift 59
	DEREF  shift 61
	STRING_LITERAL  shift 62
	CHAR_LITERAL  shift 63
	.  error

	arithmetic_expression  goto 64
	function_invocation  goto 66
	method_invocation  goto 67
	class_attribute_identifier  goto 68
	bool_expression  goto 145
	arithmetic_factor  goto 75
	arithmetic_unary  goto 76
	unit  goto 77
	integer_value  goto 78
	char_value  goto 79
	bool_value  goto 80
	array_accessor_unit  goto 81
	dereferenced_pointer  goto 82
	array_value  goto 83
	array_initializer  goto 84


state 118
	arithmetic_factor : arithmetic_factor STAR . arithmetic_unary  (88)

	IDENTIFIER  shift 49
	MINUS  shift 50
	LPAREN  shift 52
	LBRACE  shift 53
	DECIMAL  shift 54
	OCTAL  shift 55
	HEX  shift 56
	BINARY  shift 57
	TRUE  shift 58
	FALSE  shift 59
	DEREF  shift 61
	STRING_LITERAL  shift 62
	CHAR_LITERAL  shift 63
	.  error

	function_invocation  goto 66
	method_invocation  goto 67
	class_attribute_identifier  goto 68
	arithmetic_unary  goto 146
	unit  goto 77
	integer_value  goto 78
	char_value  goto 79
	bool_value  goto 80
	array_accessor_unit  goto 81
	dereferenced_pointer  goto 82
	array_value  goto 83
	array_initializer  goto 84


state 119
	arithmetic_factor : arithmetic_factor SLASH . arithmetic_unary  (89)

	IDENTIFIER  shift 49
	MINUS  shift 50
	LPAREN  shift 52
	LBRACE  shift 53
	DECIMAL  shift 54
	OCTAL  shift 55
	HEX  shift 56
	BINARY  shift 57
	TRUE  shift 58
	FALSE  shift 59
	DEREF  shift 61
	STRING_LITERAL  shift 62
	CHAR_LITERAL  shift 63
	.  error

	function_invocation  goto 66
	method_invocation  goto 67
	class_attribute_identifier  goto 68
	arithmetic_unary  goto 147
	unit  goto 77
	integer_value  goto 78
	char_value  goto 79
	bool_value  goto 80
	array_accessor_unit  goto 81
	dereferenced_pointer  goto 82
	array_value  goto 83
	array_initializer  goto 84


state 120
	formal_parameter_list : type_declarator .  (59)
	formal_parameter_list : type_declarator . COMMA formal_parameter_list  (60)

	COMMA  shift 148
	RPAREN  reduce 59


state 121
	function_definition_statement : any_type IDENTIFIER LPAREN formal_parameter_list . RPAREN block_statement  (46)

	RPAREN  shift 149
	.  error


state 122
	array_type : any_type LBRACKET arithmetic_expression RBRACKET .  (29)

	.  reduce 29


state 123
	class_body : LBRACE class_attribute_list RBRACE .  (41)

	.  reduce 41


state 124
	class_attribute_list : class_attribute class_attribute_list .  (43)

	.  reduce 43


state 125
	constant_definition_statement : CONSTANT type_declarator EQ expression SEMICOLON .  (35)

	.  reduce 35


state 126
	function_invocation : IDENTIFIER LPAREN parameter_list . RPAREN  (50)

	RPAREN  shift 150
	.  error


state 127
	arithmetic_expression : arithmetic_expression . PLUS arithmetic_factor  (85)
	arithmetic_expression : arithmetic_expression . MINUS arithmetic_factor  (86)
	array_accessor_unit : IDENTIFIER LBRACKET arithmetic_expression . RBRACKET  (102)

	PLUS  shift 106
	MINUS  shift 107
	RBRACKET  shift 151
	.  error


state 128
	class_attribute_identifier : IDENTIFIER . DOT IDENTIFIER  (54)
	class_attribute_identifier : IDENTIFIER DOT IDENTIFIER .  (54)
	class_attribute_identifier : IDENTIFIER . DOT class_attribute_identifier  (55)

	DOT  shift 96
	LPAREN  reduce 54


state 129
	class_attribute_identifier : IDENTIFIER DOT class_attribute_identifier .  (55)

	.  reduce 55


state 130
	arithmetic_unary : LPAREN arithmetic_expression RPAREN .  (92)

	.  reduce 92


state 131
	parameter_list : expression COMMA . parameter_list  (63)
	parameter_list : .  (64)

	IDENTIFIER  shift 49
	MINUS  shift 50
	BANG  shift 51
	LPAREN  shift 52
	LBRACE  shift 53
	DECIMAL  shift 54
	OCTAL  shift 55
	HEX  shift 56
	BINARY  shift 57
	TRUE  shift 58
	FALSE  shift 59
	ALLOCATE  shift 60
	DEREF  shift 61
	STRING_LITERAL  shift 62
	CHAR_LITERAL  shift 63
	RPAREN  reduce 64
	RBRACE  reduce 64

	arithmetic_expression  goto 64
	expression  goto 100
	function_invocation  goto 66
	parameter_list  goto 152
	method_invocation  goto 67
	class_attribute_identifier  goto 68
	logical_expression  goto 69
	allocation_expression  goto 70
	logical_and_expression  goto 71
	equality_expression  goto 72
	relational_expression  goto 73
	bool_expression  goto 74
	arithmetic_factor  goto 75
	arithmetic_unary  goto 76
	unit  goto 77
	integer_value  goto 78
	char_value  goto 79
	bool_value  goto 80
	array_accessor_unit  goto 81
	dereferenced_pointer  goto 82
	array_value  goto 83
	array_initializer  goto 84


state 132
	array_initializer : LBRACE parameter_list RBRACE .  (106)

	.  reduce 106


state 133
	allocation_invocation : primitive_type LPAREN . parameter_list RPAREN  (68)
	parameter_list : .  (64)

	IDENTIFIER  shift 49
	MINUS  shift 50
	BANG  shift 51
	LPAREN  shift 52
	LBRACE  shift 53
	DECIMAL  shift 54
	OCTAL  shift 55
	HEX  shift 56
	BINARY  shift 57
	TRUE  shift 58
	FALSE  shift 59
	ALLOCATE  shift 60
	DEREF  shift 61
	STRING_LITERAL  shift 62
	CHAR_LITERAL  shift 63
	RPAREN  reduce 64

	arithmetic_expression  goto 64
	expression  goto 100
	function_invocation  goto 66
	parameter_list  goto 153
	method_invocation  goto 67
	class_attribute_identifier  goto 68
	logical_expression  goto 69
	allocation_expression  goto 70
	logical_and_expression  goto 71
	equality_expression  goto 72
	relational_expression  goto 73
	bool_expression  goto 74
	arithmetic_factor  goto 75
	arithmetic_unary  goto 76
	unit  goto 77
	integer_value  goto 78
	char_value  goto 79
	bool_value  goto 80
	array_accessor_unit  goto 81
	dereferenced_pointer  goto 82
	array_value  goto 83
	array_initializer  goto 84


state 134
	allocation_invocation : user_type LPAREN . parameter_list RPAREN  (69)
	parameter_list : .  (64)

	IDENTIFIER  shift 49
	MINUS  shift 50
	BANG  shift 51
	LPAREN  shift 52
	LBRACE  shift 53
	DECIMAL  shift 54
	OCTAL  shift 55
	HEX  shift 56
	BINARY  shift 57
	TRUE  shift 58
	FALSE  shift 59
	ALLOCATE  shift 60
	DEREF  shift 61
	STRING_LITERAL  shift 62
	CHAR_LITERAL  shift 63
	RPAREN  reduce 64

	arithmetic_expression  goto 64
	expression  goto 100
	function_invocation  goto 66
	parameter_list  goto 154
	method_invocation  goto 67
	class_attribute_identifier  goto 68
	logical_expression  goto 69
	allocation_expression  goto 70
	logical_and_expression  goto 71
	equality_expression  goto 72
	relational_expression  goto 73
	bool_expression  goto 74
	arithmetic_factor  goto 75
	arithmetic_unary  goto 76
	unit  goto 77
	integer_value  goto 78
	char_value  goto 79
	bool_value  goto 80
	array_accessor_unit  goto 81
	dereferenced_pointer  goto 82
	array_value  goto 83
	array_initializer  goto 84


state 135
	arithmetic_expression : arithmetic_expression PLUS arithmetic_factor .  (85)
	arithmetic_factor : arithmetic_factor . STAR arithmetic_unary  (88)
	arithmetic_factor : arithmetic_factor . SLASH arithmetic_unary  (89)

	STAR  shift 118
	SLASH  shift 119
	PLUS  reduce 85
	MINUS  reduce 85
	RPAREN  reduce 85
	GTR  reduce 85
	LESS  reduce 85
	GTR_EQ  reduce 85
	LESS_EQ  reduce 85
	DBL_EQ  reduce 85
	NOT_EQ  reduce 85
	OR  reduce 85
	AND  reduce 85
	COMMA  reduce 85
	SEMICOLON  reduce 85
	RBRACE  reduce 85
	RBRACKET  reduce 85


state 136
	arithmetic_expression : arithmetic_expression MINUS arithmetic_factor .  (86)
	arithmetic_factor : arithmetic_factor . STAR arithmetic_unary  (88)
	arithmetic_factor : arithmetic_factor . SLASH arithmetic_unary  (89)

	STAR  shift 118
	SLASH  shift 119
	PLUS  reduce 86
	MINUS  reduce 86
	RPAREN  reduce 86
	GTR  reduce 86
	LESS  reduce 86
	GTR_EQ  reduce 86
	LESS_EQ  reduce 86
	DBL_EQ  reduce 86
	NOT_EQ  reduce 86
	OR  reduce 86
	AND  reduce 86
	COMMA  reduce 86
	SEMICOLON  reduce 86
	RBRACE  reduce 86
	RBRACKET  reduce 86


state 137
	method_invocation : class_attribute_identifier LPAREN parameter_list . RPAREN  (52)

	RPAREN  shift 155
	.  error


state 138
	logical_expression : logical_expression OR logical_and_expression .  (71)
	logical_and_expression : logical_and_expression . AND equality_expression  (73)

	AND  shift 111
	RPAREN  reduce 71
	OR  reduce 71
	COMMA  reduce 71
	SEMICOLON  reduce 71
	RBRACE  reduce 71


state 139
	logical_and_expression : logical_and_expression AND equality_expression .  (73)
	equality_expression : equality_expression . DBL_EQ relational_expression  (75)
	equality_expression : equality_expression . NOT_EQ relational_expression  (76)

	DBL_EQ  shift 112
	NOT_EQ  shift 113
	RPAREN  reduce 73
	OR  reduce 73
	AND  reduce 73
	COMMA  reduce 73
	SEMICOLON  reduce 73
	RBRACE  reduce 73


state 140
	equality_expression : equality_expression DBL_EQ relational_expression .  (75)
	relational_expression : relational_expression . GTR bool_expression  (78)
	relational_expression : relational_expression . LESS bool_expression  (79)
	relational_expression : relational_expression . GTR_EQ bool_expression  (80)
	relational_expression : relational_expression . LESS_EQ bool_expression  (81)

	GTR  shift 114
	LESS  shift 115
	GTR_EQ  shift 116
	LESS_EQ  shift 117
	RPAREN  reduce 75
	DBL_EQ  reduce 75
	NOT_EQ  reduce 75
	OR  reduce 75
	AND  reduce 75
	COMMA  reduce 75
	SEMICOLON  reduce 75
	RBRACE  reduce 75


state 141
	equality_expression : equality_expression NOT_EQ relational_expression .  (76)
	relational_expression : relational_expression . GTR bool_expression  (78)
	relational_expression : relational_expression . LESS bool_expression  (79)
	relational_expression : relational_expression . GTR_EQ bool_expression  (80)
	relational_expression : relational_expression . LESS_EQ bool_expression  (81)

	GTR  shift 114
	LESS  shift 115
	GTR_EQ  shift 116
	LESS_EQ  shift 117
	RPAREN  reduce 76
	DBL_EQ  reduce 76
	NOT_EQ  reduce 76
	OR  reduce 76
	AND  reduce 76
	COMMA  reduce 76
	SEMICOLON  reduce 76
	RBRACE  reduce 76


state 142
	relational_expression : relational_expression GTR bool_expression .  (78)

	.  reduce 78


state 143
	relational_expression : relational_expression LESS bool_expression .  (79)

	.  reduce 79


state 144
	relational_expression : relational_expression GTR_EQ bool_expression .  (80)

	.  reduce 80


state 145
	relational_expression : relational_expression LESS_EQ bool_expression .  (81)

	.  reduce 81


state 146
	arithmetic_factor : arithmetic_factor STAR arithmetic_unary .  (88)

	.  reduce 88


state 147
	arithmetic_factor : arithmetic_factor SLASH arithmetic_unary .  (89)

	.  reduce 89


state 148
	formal_parameter_list : type_declarator COMMA . formal_parameter_list  (60)
	formal_parameter_list : .  (61)

	IDENTIFIER  shift 1
	BOOL  shift 2
	INT  shift 3
	CHAR  shift 4
	VOID  shift 5
	LIGHT_ACTUATOR  shift 6
	SERVO_ACTUATOR  shift 7
	SOUND_SENSOR  shift 8
	LIGHT_SENSOR  shift 9
	DISTANCE_SENSOR  shift 10
	TEMPERATURE_SENSOR  shift 11
	SERIAL_SENSOR  shift 14
	SERIAL_ACTUATOR  shift 15
	BYTE  shift 16
	RPAREN  reduce 61

	type_declarator  goto 120
	any_type  goto 35
	array_type  goto 27
	pointer_type  goto 28
	primitive_type  goto 29
	user_type  goto 30
	device_type  goto 31
	formal_parameter_list  goto 156


state 149
	function_definition_statement : any_type IDENTIFIER LPAREN formal_parameter_list RPAREN . block_statement  (46)

	LBRACE  shift 157
	.  error

	block_statement  goto 158


state 150
	function_invocation : IDENTIFIER LPAREN parameter_list RPAREN .  (50)

	.  reduce 50


state 151
	array_accessor_unit : IDENTIFIER LBRACKET arithmetic_expression RBRACKET .  (102)

	.  reduce 102


state 152
	parameter_list : expression COMMA parameter_list .  (63)

	.  reduce 63


state 153
	allocation_invocation : primitive_type LPAREN parameter_list . RPAREN  (68)

	RPAREN  shift 159
	.  error


state 154
	allocation_invocation : user_type LPAREN parameter_list . RPAREN  (69)

	RPAREN  shift 160
	.  error


state 155
	method_invocation : class_attribute_identifier LPAREN parameter_list RPAREN .  (52)

	.  reduce 52


state 156
	formal_parameter_list : type_declarator COMMA formal_parameter_list .  (60)

	.  reduce 60


state 157
	block_statement : LBRACE . statement_list_block_level RBRACE  (9)

	IDENTIFIER  shift 161
	BOOL  shift 2
	INT  shift 3
	CHAR  shift 4
	VOID  shift 5
	IF  shift 162
	WHILE  shift 163
	LBRACE  shift 157
	LIGHT_ACTUATOR  shift 6
	SERVO_ACTUATOR  shift 7
	SOUND_SENSOR  shift 8
	LIGHT_SENSOR  shift 9
	DISTANCE_SENSOR  shift 10
	TEMPERATURE_SENSOR  shift 11
	CONSTANT  shift 12
	RETURN  shift 164
	DELETE  shift 165
	SERIAL_SENSOR  shift 14
	SERIAL_ACTUATOR  shift 15
	BYTE  shift 16
	.  error

	variable_definition_statement  goto 166
	constant_definition_statement  goto 167
	variable_declaration_statement  goto 168
	block_statement  goto 169
	statement_list_block_level  goto 170
	statement_block_level  goto 171
	variable_set_statement  goto 172
	function_invocation_statement  goto 173
	if_block_statement  goto 174
	while_block_statement  goto 175
	return_statement  goto 176
	method_invocation_statement  goto 177
	delete_statement  goto 178
	type_declarator  goto 25
	any_type  goto 35
	array_type  goto 27
	pointer_type  goto 28
	primitive_type  goto 29
	user_type  goto 30
	device_type  goto 31
	function_invocation  goto 179
	method_invocation  goto 180
	class_attribute_identifier  goto 68


state 158
	function_definition_statement : any_type IDENTIFIER LPAREN formal_parameter_list RPAREN block_statement .  (46)

	.  reduce 46


state 159
	allocation_invocation : primitive_type LPAREN parameter_list RPAREN .  (68)

	.  reduce 68


state 160
	allocation_invocation : user_type LPAREN parameter_list RPAREN .  (69)

	.  reduce 69


state 161
	user_type : IDENTIFIER .  (31)
	variable_set_statement : IDENTIFIER . EQ expression SEMICOLON  (47)
	function_invocation : IDENTIFIER . LPAREN parameter_list RPAREN  (50)
	class_attribute_identifier : IDENTIFIER . DOT IDENTIFIER  (54)
	class_attribute_identifier : IDENTIFIER . DOT class_attribute_identifier  (55)

	LPAREN  shift 94
	EQ  shift 181
	DOT  shift 96
	IDENTIFIER  reduce 31
	POINTER  reduce 31
	LBRACKET  reduce 31


state 162
	if_block_statement : IF . LPAREN expression RPAREN block_statement  (56)
	if_block_statement : IF . LPAREN expression RPAREN block_statement ELSE block_statement  (57)

	LPAREN  shift 182
	.  error


state 163
	while_block_statement : WHILE . LPAREN expression RPAREN block_statement  (58)

	LPAREN  shift 183
	.  error


state 164
	return_statement : RETURN . expression SEMICOLON  (48)
	return_statement : RETURN . SEMICOLON  (49)

	IDENTIFIER  shift 49
	MINUS  shift 50
	BANG  shift 51
	LPAREN  shift 52
	SEMICOLON  shift 184
	LBRACE  shift 53
	DECIMAL  shift 54
	OCTAL  shift 55
	HEX  shift 56
	BINARY  shift 57
	TRUE  shift 58
	FALSE  shift 59
	ALLOCATE  shift 60
	DEREF  shift 61
	STRING_LITERAL  shift 62
	CHAR_LITERAL  shift 63
	.  error

	arithmetic_expression  goto 64
	expression  goto 185
	function_invocation  goto 66
	method_invocation  goto 67
	class_attribute_identifier  goto 68
	logical_expression  goto 69
	allocation_expression  goto 70
	logical_and_expression  goto 71
	equality_expression  goto 72
	relational_expression  goto 73
	bool_expression  goto 74
	arithmetic_factor  goto 75
	arithmetic_unary  goto 76
	unit  goto 77
	integer_value  goto 78
	char_value  goto 79
	bool_value  goto 80
	array_accessor_unit  goto 81
	dereferenced_pointer  goto 82
	array_value  goto 83
	array_initializer  goto 84


state 165
	delete_statement : DELETE . IDENTIFIER SEMICOLON  (34)

	IDENTIFIER  shift 186
	.  error


state 166
	statement_block_level : variable_definition_statement .  (12)

	.  reduce 12


state 167
	statement_block_level : constant_definition_statement .  (22)

	.  reduce 22


state 168
	statement_block_level : variable_declaration_statement .  (20)

	.  reduce 20


state 169
	statement_block_level : block_statement .  (13)

	.  reduce 13


state 170
	block_statement : LBRACE statement_list_block_level . RBRACE  (9)

	RBRACE  shift 187
	.  error


state 171
	statement_list_block_level : statement_block_level .  (10)
	statement_list_block_level : statement_block_level . statement_list_block_level  (11)

	IDENTIFIER  shift 161
	BOOL  shift 2
	INT  shift 3
	CHAR  shift 4
	VOID  shift 5
	IF  shift 162
	WHILE  shift 163
	LBRACE  shift 157
	LIGHT_ACTUATOR  shift 6
	SERVO_ACTUATOR  shift 7
	SOUND_SENSOR  shift 8
	LIGHT_SENSOR  shift 9
	DISTANCE_SENSOR  shift 10
	TEMPERATURE_SENSOR  shift 11
	CONSTANT  shift 12
	RETURN  shift 164
	DELETE  shift 165
	SERIAL_SENSOR  shift 14
	SERIAL_ACTUATOR  shift 15
	BYTE  shift 16
	RBRACE  reduce 10

	variable_definition_statement  goto 166
	constant_definition_statement  goto 167
	variable_declaration_statement  goto 168
	block_statement  goto 169
	statement_list_block_level  goto 188
	statement_block_level  goto 171
	variable_set_statement  goto 172
	function_invocation_statement  goto 173
	if_block_statement  goto 174
	while_block_statement  goto 175
	return_statement  goto 176
	method_invocation_statement  goto 177
	delete_statement  goto 178
	type_declarator  goto 25
	any_type  goto 35
	array_type  goto 27
	pointer_type  goto 28
	primitive_type  goto 29
	user_type  goto 30
	device_type  goto 31
	function_invocation  goto 179
	method_invocation  goto 180
	class_attribute_identifier  goto 68


state 172
	statement_block_level : variable_set_statement .  (14)

	.  reduce 14


state 173
	statement_block_level : function_invocation_statement .  (15)

	.  reduce 15


state 174
	statement_block_level : if_block_statement .  (16)

	.  reduce 16


state 175
	statement_block_level : while_block_statement .  (17)

	.  reduce 17


state 176
	statement_block_level : return_statement .  (18)

	.  reduce 18


state 177
	statement_block_level : method_invocation_statement .  (19)

	.  reduce 19


state 178
	statement_block_level : delete_statement .  (21)

	.  reduce 21


state 179
	function_invocation_statement : function_invocation . SEMICOLON  (51)

	SEMICOLON  shift 189
	.  error


state 180
	method_invocation_statement : method_invocation . SEMICOLON  (53)

	SEMICOLON  shift 190
	.  error


state 181
	variable_set_statement : IDENTIFIER EQ . expression SEMICOLON  (47)

	IDENTIFIER  shift 49
	MINUS  shift 50
	BANG  shift 51
	LPAREN  shift 52
	LBRACE  shift 53
	DECIMAL  shift 54
	OCTAL  shift 55
	HEX  shift 56
	BINARY  shift 57
	TRUE  shift 58
	FALSE  shift 59
	ALLOCATE  shift 60
	DEREF  shift 61
	STRING_LITERAL  shift 62
	CHAR_LITERAL  shift 63
	.  error

	arithmetic_expression  goto 64
	expression  goto 191
	function_invocation  goto 66
	method_invocation  goto 67
	class_attribute_identifier  goto 68
	logical_expression  goto 69
	allocation_expression  goto 70
	logical_and_expression  goto 71
	equality_expression  goto 72
	relational_expression  goto 73
	bool_expression  goto 74
	arithmetic_factor  goto 75
	arithmetic_unary  goto 76
	unit  goto 77
	integer_value  goto 78
	char_value  goto 79
	bool_value  goto 80
	array_accessor_unit  goto 81
	dereferenced_pointer  goto 82
	array_value  goto 83
	array_initializer  goto 84


state 182
	if_block_statement : IF LPAREN . expression RPAREN block_statement  (56)
	if_block_statement : IF LPAREN . expression RPAREN block_statement ELSE block_statement  (57)

	IDENTIFIER  shift 49
	MINUS  shift 50
	BANG  shift 51
	LPAREN  shift 52
	LBRACE  shift 53
	DECIMAL  shift 54
	OCTAL  shift 55
	HEX  shift 56
	BINARY  shift 57
	TRUE  shift 58
	FALSE  shift 59
	ALLOCATE  shift 60
	DEREF  shift 61
	STRING_LITERAL  shift 62
	CHAR_LITERAL  shift 63
	.  error

	arithmetic_expression  goto 64
	expression  goto 192
	function_invocation  goto 66
	method_invocation  goto 67
	class_attribute_identifier  goto 68
	logical_expression  goto 69
	allocation_expression  goto 70
	logical_and_expression  goto 71
	equality_expression  goto 72
	relational_expression  goto 73
	bool_expression  goto 74
	arithmetic_factor  goto 75
	arithmetic_unary  goto 76
	unit  goto 77
	integer_value  goto 78
	char_value  goto 79
	bool_value  goto 80
	array_accessor_unit  goto 81
	dereferenced_pointer  goto 82
	array_value  goto 83
	array_initializer  goto 84


state 183
	while_block_statement : WHILE LPAREN . expression RPAREN block_statement  (58)

	IDENTIFIER  shift 49
	MINUS  shift 50
	BANG  shift 51
	LPAREN  shift 52
	LBRACE  shift 53
	DECIMAL  shift 54
	OCTAL  shift 55
	HEX  shift 56
	BINARY  shift 57
	TRUE  shift 58
	FALSE  shift 59
	ALLOCATE  shift 60
	DEREF  shift 61
	STRING_LITERAL  shift 62
	CHAR_LITERAL  shift 63
	.  error

	arithmetic_expression  goto 64
	expression  goto 193
	function_invocation  goto 66
	method_invocation  goto 67
	class_attribute_identifier  goto 68
	logical_expression  goto 69
	allocation_expression  goto 70
	logical_and_expression  goto 71
	equality_expression  goto 72
	relational_expression  goto 73
	bool_expression  goto 74
	arithmetic_factor  goto 75
	arithmetic_unary  goto 76
	unit  goto 77
	integer_value  goto 78
	char_value  goto 79
	bool_value  goto 80
	array_accessor_unit  goto 81
	dereferenced_pointer  goto 82
	array_value  goto 83
	array_initializer  goto 84


state 184
	return_statement : RETURN SEMICOLON .  (49)

	.  reduce 49


state 185
	return_statement : RETURN expression . SEMICOLON  (48)

	SEMICOLON  shift 194
	.  error


state 186
	delete_statement : DELETE IDENTIFIER . SEMICOLON  (34)

	SEMICOLON  shift 195
	.  error


state 187
	block_statement : LBRACE statement_list_block_level RBRACE .  (9)

	.  reduce 9


state 188
	statement_list_block_level : statement_block_level statement_list_block_level .  (11)

	.  reduce 11


state 189
	function_invocation_statement : function_invocation SEMICOLON .  (51)

	.  reduce 51


state 190
	method_invocation_statement : method_invocation SEMICOLON .  (53)

	.  reduce 53


state 191
	variable_set_statement : IDENTIFIER EQ expression . SEMICOLON  (47)

	SEMICOLON  shift 196
	.  error


state 192
	if_block_statement : IF LPAREN expression . RPAREN block_statement  (56)
	if_block_statement : IF LPAREN expression . RPAREN block_statement ELSE block_statement  (57)

	RPAREN  shift 197
	.  error


state 193
	while_block_statement : WHILE LPAREN expression . RPAREN block_statement  (58)

	RPAREN  shift 198
	.  error


state 194
	return_statement : RETURN expression SEMICOLON .  (48)

	.  reduce 48


state 195
	delete_statement : DELETE IDENTIFIER SEMICOLON .  (34)

	.  reduce 34


state 196
	variable_set_statement : IDENTIFIER EQ expression SEMICOLON .  (47)

	.  reduce 47


state 197
	if_block_statement : IF LPAREN expression RPAREN . block_statement  (56)
	if_block_statement : IF LPAREN expression RPAREN . block_statement ELSE block_statement  (57)

	LBRACE  shift 157
	.  error

	block_statement  goto 199


state 198
	while_block_statement : WHILE LPAREN expression RPAREN . block_statement  (58)

	LBRACE  shift 157
	.  error

	block_statement  goto 200


state 199
	if_block_statement : IF LPAREN expression RPAREN block_statement .  (56)
	if_block_statement : IF LPAREN expression RPAREN block_statement . ELSE block_statement  (57)

	ELSE  shift 201
	IDENTIFIER  reduce 56
	BOOL  reduce 56
	INT  reduce 56
	CHAR  reduce 56
	VOID  reduce 56
	IF  reduce 56
	WHILE  reduce 56
	LBRACE  reduce 56
	RBRACE  reduce 56
	LIGHT_ACTUATOR  reduce 56
	SERVO_ACTUATOR  reduce 56
	SOUND_SENSOR  reduce 56
	LIGHT_SENSOR  reduce 56
	DISTANCE_SENSOR  reduce 56
	TEMPERATURE_SENSOR  reduce 56
	CONSTANT  reduce 56
	RETURN  reduce 56
	DELETE  reduce 56
	SERIAL_SENSOR  reduce 56
	SERIAL_ACTUATOR  reduce 56
	BYTE  reduce 56


state 200
	while_block_statement : WHILE LPAREN expression RPAREN block_statement .  (58)

	.  reduce 58


state 201
	if_block_statement : IF LPAREN expression RPAREN block_statement ELSE . block_statement  (57)

	LBRACE  shift 157
	.  error

	block_statement  goto 202


state 202
	if_block_statement : IF LPAREN expression RPAREN block_statement ELSE block_statement .  (57)

	.  reduce 57


59 terminals, 56 nonterminals
127 grammar rules, 203 states
